{"contracts/SimpleContract.sol":{"l":{"8":2,"9":2,"15":6,"17":4,"21":2,"25":4,"26":4},"path":"/home/ubuntu/Desktop/blockchain/Truffle/Truffle_autotest/contracts/SimpleContract.sol","s":{"1":2,"2":2,"3":6,"4":2,"5":4,"6":4},"b":{"1":[4,2]},"f":{"1":2,"2":6,"3":2,"4":4},"fnMap":{"1":{"name":"constructor","line":7,"loc":{"start":{"line":7,"column":2},"end":{"line":7,"column":23}}},"2":{"name":"onlyOwner","line":14,"loc":{"start":{"line":14,"column":2},"end":{"line":14,"column":22}}},"3":{"name":"getName","line":20,"loc":{"start":{"line":20,"column":2},"end":{"line":20,"column":56}}},"4":{"name":"changeName","line":24,"loc":{"start":{"line":24,"column":2},"end":{"line":24,"column":60}}}},"statementMap":{"1":{"start":{"line":8,"column":4},"end":{"line":8,"column":19}},"2":{"start":{"line":9,"column":4},"end":{"line":9,"column":21}},"3":{"start":{"line":15,"column":4},"end":{"line":15,"column":42}},"4":{"start":{"line":21,"column":4},"end":{"line":21,"column":17}},"5":{"start":{"line":25,"column":4},"end":{"line":25,"column":15}},"6":{"start":{"line":26,"column":4},"end":{"line":26,"column":24}}},"branchMap":{"1":{"line":15,"type":"if","locations":[{"start":{"line":15,"column":4},"end":{"line":15,"column":4}},{"start":{"line":15,"column":4},"end":{"line":15,"column":4}}]}}}}